Feb 8, 2019 at 8:41:31 AM

ERROR: Download of "http://www.visualsociety.org/xmlrpc.php",
	referenced from "http://www.visualsociety.org/",
	failed with error code -1100 (File does not exist.)
ERROR: Download of "http://www.visualsociety.org/%22http:/en.wikipedia.org/wiki/Exchangeable_image_file_format/",
	referenced from "http://www.visualsociety.org/wp-json/",
	failed with error code -1100 (File does not exist.)
ERROR: Download of "http://www.visualsociety.org/%22http:/www.visualsociety.org/",
	referenced from "http://www.visualsociety.org/wp-json/oembed/1.0/embed?url=http://www.visualsociety.org/",
	failed with error code -1100 (File does not exist.)
ERROR: Download of "http://www.visualsociety.org/%22http:/www.visualsociety.org/winter2017officers-2/",
	referenced from "http://www.visualsociety.org/wp-json/oembed/1.0/embed?url=http://www.visualsociety.org/winter2017officers-2/",
	failed with error code -1100 (File does not exist.)
ERROR: Download of "http://www.visualsociety.org/%22http:/www.visualsociety.org/intrinsic-motivation/",
	referenced from "http://www.visualsociety.org/wp-json/oembed/1.0/embed?url=http://www.visualsociety.org/intrinsic-motivation/",
	failed with error code -1100 (File does not exist.)
ERROR: Download of "http://www.visualsociety.org/%22http:/www.visualsociety.org/contact/",
	referenced from "http://www.visualsociety.org/wp-json/oembed/1.0/embed?url=http://www.visualsociety.org/contact/",
	failed with error code -1100 (File does not exist.)
ERROR: Download of "http://www.visualsociety.org/%22http:/www.visualsociety.org/24-days-of-something/",
	referenced from "http://www.visualsociety.org/wp-json/oembed/1.0/embed?url=http://www.visualsociety.org/24-days-of-something/",
	failed with error code -1100 (File does not exist.)
ERROR: Download of "http://www.visualsociety.org/%22http:/www.visualsociety.org/motion-project/",
	referenced from "http://www.visualsociety.org/wp-json/oembed/1.0/embed?url=http://www.visualsociety.org/motion-project/",
	failed with error code -1100 (File does not exist.)

Feb 8, 2019 at 8:42:43 AM

---------------------

